Base path: /Applications/Unity/Unity.app/Contents
Pipe name: \\.\pipe\UnityShaderCompiler-2--1333547008
Cmd: getPlatforms
Cmd: compileSnippet
  api=0 type=0 insize=886 outsize=1681 kw=LIGHTMAP_ON V_WIRE_ANTIALIASING_OFF V_WIRE_FRESNEL_OFF V_WIRE_LIGHT_OFF V_WIRE_IBL_ON ok=1
Cmd: compileSnippet
  api=0 type=0 insize=886 outsize=1890 kw=LIGHTMAP_ON V_WIRE_ANTIALIASING_ON V_WIRE_FRESNEL_OFF V_WIRE_LIGHT_OFF V_WIRE_IBL_ON ok=1
Cmd: compileSnippet
  api=0 type=0 insize=886 outsize=2161 kw=LIGHTMAP_ON V_WIRE_ANTIALIASING_ON V_WIRE_FRESNEL_OFF V_WIRE_IBL_ON V_WIRE_LIGHT_ON ok=1
Cmd: compileSnippet
  api=0 type=0 insize=886 outsize=2653 kw=LIGHTMAP_ON V_WIRE_ANTIALIASING_ON V_WIRE_LIGHT_OFF V_WIRE_IBL_ON V_WIRE_FRESNEL_ON ok=1
Cmd: compileSnippet
  api=0 type=0 insize=886 outsize=2698 kw=LIGHTMAP_ON V_WIRE_ANTIALIASING_ON V_WIRE_IBL_ON V_WIRE_LIGHT_ON V_WIRE_FRESNEL_ON ok=1
Cmd: compileSnippet
  api=0 type=0 insize=886 outsize=571 kw=LIGHTMAP_OFF V_WIRE_ANTIALIASING_OFF V_WIRE_FRESNEL_OFF V_WIRE_IBL_OFF V_WIRE_LIGHT_ON ok=1
Cmd: compileSnippet
  api=0 type=0 insize=886 outsize=1427 kw=LIGHTMAP_OFF V_WIRE_ANTIALIASING_OFF V_WIRE_LIGHT_OFF V_WIRE_IBL_OFF V_WIRE_FRESNEL_ON ok=1
Cmd: compileSnippet
  api=0 type=0 insize=886 outsize=1427 kw=LIGHTMAP_OFF V_WIRE_ANTIALIASING_OFF V_WIRE_IBL_OFF V_WIRE_LIGHT_ON V_WIRE_FRESNEL_ON ok=1
Cmd: compileSnippet
  api=0 type=0 insize=886 outsize=2128 kw=LIGHTMAP_OFF V_WIRE_ANTIALIASING_OFF V_WIRE_IBL_ON V_WIRE_LIGHT_ON V_WIRE_FRESNEL_ON ok=1
Cmd: compileSnippet
  api=0 type=0 insize=886 outsize=780 kw=LIGHTMAP_OFF V_WIRE_ANTIALIASING_ON V_WIRE_FRESNEL_OFF V_WIRE_IBL_OFF V_WIRE_LIGHT_ON ok=1
Cmd: compileSnippet
  api=0 type=0 insize=886 outsize=1636 kw=LIGHTMAP_OFF V_WIRE_ANTIALIASING_ON V_WIRE_LIGHT_OFF V_WIRE_IBL_OFF V_WIRE_FRESNEL_ON ok=1
Cmd: compileSnippet
  api=0 type=0 insize=886 outsize=1636 kw=LIGHTMAP_OFF V_WIRE_ANTIALIASING_ON V_WIRE_IBL_OFF V_WIRE_LIGHT_ON V_WIRE_FRESNEL_ON ok=1
Cmd: compileSnippet
  api=0 type=1 insize=886 outsize=6 kw=LIGHTMAP_ON V_WIRE_ANTIALIASING_OFF V_WIRE_FRESNEL_OFF V_WIRE_LIGHT_OFF V_WIRE_IBL_ON ok=1
Cmd: compileSnippet
  api=0 type=1 insize=886 outsize=6 kw=LIGHTMAP_ON V_WIRE_ANTIALIASING_OFF V_WIRE_LIGHT_OFF V_WIRE_IBL_OFF V_WIRE_FRESNEL_ON ok=1
Cmd: compileSnippet
  api=0 type=1 insize=886 outsize=6 kw=LIGHTMAP_ON V_WIRE_ANTIALIASING_OFF V_WIRE_IBL_OFF V_WIRE_LIGHT_ON V_WIRE_FRESNEL_ON ok=1
Cmd: compileSnippet
  api=0 type=1 insize=886 outsize=6 kw=LIGHTMAP_ON V_WIRE_ANTIALIASING_ON V_WIRE_FRESNEL_OFF V_WIRE_LIGHT_OFF V_WIRE_IBL_ON ok=1
Cmd: compileSnippet
  api=0 type=1 insize=886 outsize=6 kw=LIGHTMAP_ON V_WIRE_ANTIALIASING_ON V_WIRE_FRESNEL_OFF V_WIRE_IBL_ON V_WIRE_LIGHT_ON ok=1
Cmd: compileSnippet
  api=0 type=1 insize=886 outsize=6 kw=LIGHTMAP_ON V_WIRE_ANTIALIASING_ON V_WIRE_LIGHT_OFF V_WIRE_IBL_ON V_WIRE_FRESNEL_ON ok=1
Cmd: compileSnippet
  api=0 type=1 insize=886 outsize=6 kw=LIGHTMAP_ON V_WIRE_ANTIALIASING_ON V_WIRE_IBL_ON V_WIRE_LIGHT_ON V_WIRE_FRESNEL_ON ok=1
Cmd: compileSnippet
  api=0 type=1 insize=886 outsize=6 kw=LIGHTMAP_OFF V_WIRE_ANTIALIASING_OFF V_WIRE_FRESNEL_OFF V_WIRE_LIGHT_OFF V_WIRE_IBL_ON ok=1
Cmd: compileSnippet
  api=0 type=1 insize=886 outsize=6 kw=LIGHTMAP_OFF V_WIRE_ANTIALIASING_OFF V_WIRE_FRESNEL_OFF V_WIRE_IBL_ON V_WIRE_LIGHT_ON ok=1
Cmd: compileSnippet
  api=0 type=1 insize=886 outsize=6 kw=LIGHTMAP_OFF V_WIRE_ANTIALIASING_OFF V_WIRE_IBL_OFF V_WIRE_LIGHT_ON V_WIRE_FRESNEL_ON ok=1
Cmd: compileSnippet
  api=0 type=1 insize=886 outsize=6 kw=LIGHTMAP_OFF V_WIRE_ANTIALIASING_ON V_WIRE_FRESNEL_OFF V_WIRE_LIGHT_OFF V_WIRE_IBL_ON ok=1
Cmd: compileSnippet
  api=0 type=1 insize=886 outsize=6 kw=LIGHTMAP_OFF V_WIRE_ANTIALIASING_ON V_WIRE_FRESNEL_OFF V_WIRE_IBL_ON V_WIRE_LIGHT_ON ok=1
Cmd: compileSnippet
  api=0 type=1 insize=886 outsize=6 kw=LIGHTMAP_OFF V_WIRE_ANTIALIASING_ON V_WIRE_IBL_OFF V_WIRE_LIGHT_ON V_WIRE_FRESNEL_ON ok=1
Cmd: compileSnippet
  api=0 type=0 insize=2051 outsize=733 kw=V_WIRE_ANTIALIASING_OFF V_WIRE_IN_TANGENT ok=1
Cmd: compileSnippet
  api=0 type=1 insize=2051 outsize=6 kw=V_WIRE_ANTIALIASING_OFF V_WIRE_IN_TANGENT ok=1
End of pipe

Quitting shader compiler process
